2021-10-14 00:12:18.590 +06:00 [INF] Application Starting up
2021-10-14 00:15:02.788 +06:00 [INF] Application Starting up
2021-10-14 00:21:37.382 +06:00 [INF] Application Starting up
2021-10-14 00:21:44.917 +06:00 [INF] Application Starting up
2021-10-14 00:26:03.725 +06:00 [INF] Application Starting up
2021-10-14 00:31:09.130 +06:00 [INF] Application Starting up
2021-10-14 20:11:12.934 +06:00 [INF] Application Starting up
2021-10-14 20:14:10.538 +06:00 [INF] Application Starting up
2021-10-14 20:20:59.414 +06:00 [INF] Application Starting up
2021-10-14 20:21:24.799 +06:00 [ERR] Create Course Failed
System.InvalidOperationException: Start date should be atleast 30 days ahead
   at AttendanceDemo.Training.Services.CourseService.CreateCourse(Course course) in G:\All C# File\Dev Skill All Course\Asp.NetCoreMvc-AllFile-B5\SourceCode\DevSkill_Project\FullProjectSetup_UsingDesignPattern\AttendanceSystem\AttendanceDemo.Training\Services\CourseService.cs:line 53
   at AttendanceSystem.Areas.Admin.Models.CreateCourseModel.CreateCourse() in G:\All C# File\Dev Skill All Course\Asp.NetCoreMvc-AllFile-B5\SourceCode\DevSkill_Project\FullProjectSetup_UsingDesignPattern\AttendanceSystem\AttendanceSystem\Areas\Admin\Models\CreateCourseModel.cs:line 38
   at AttendanceSystem.Areas.Admin.Controllers.CourseController.Create(CreateCourseModel model) in G:\All C# File\Dev Skill All Course\Asp.NetCoreMvc-AllFile-B5\SourceCode\DevSkill_Project\FullProjectSetup_UsingDesignPattern\AttendanceSystem\AttendanceSystem\Areas\Admin\Controllers\CourseController.cs:line 66
2021-10-14 20:21:32.360 +06:00 [ERR] Create Course Failed
System.InvalidOperationException: Start date should be atleast 30 days ahead
   at AttendanceDemo.Training.Services.CourseService.CreateCourse(Course course) in G:\All C# File\Dev Skill All Course\Asp.NetCoreMvc-AllFile-B5\SourceCode\DevSkill_Project\FullProjectSetup_UsingDesignPattern\AttendanceSystem\AttendanceDemo.Training\Services\CourseService.cs:line 53
   at AttendanceSystem.Areas.Admin.Models.CreateCourseModel.CreateCourse() in G:\All C# File\Dev Skill All Course\Asp.NetCoreMvc-AllFile-B5\SourceCode\DevSkill_Project\FullProjectSetup_UsingDesignPattern\AttendanceSystem\AttendanceSystem\Areas\Admin\Models\CreateCourseModel.cs:line 38
   at AttendanceSystem.Areas.Admin.Controllers.CourseController.Create(CreateCourseModel model) in G:\All C# File\Dev Skill All Course\Asp.NetCoreMvc-AllFile-B5\SourceCode\DevSkill_Project\FullProjectSetup_UsingDesignPattern\AttendanceSystem\AttendanceSystem\Areas\Admin\Controllers\CourseController.cs:line 66
2021-10-14 20:21:39.218 +06:00 [ERR] Create Course Failed
System.InvalidOperationException: Start date should be atleast 30 days ahead
   at AttendanceDemo.Training.Services.CourseService.CreateCourse(Course course) in G:\All C# File\Dev Skill All Course\Asp.NetCoreMvc-AllFile-B5\SourceCode\DevSkill_Project\FullProjectSetup_UsingDesignPattern\AttendanceSystem\AttendanceDemo.Training\Services\CourseService.cs:line 53
   at AttendanceSystem.Areas.Admin.Models.CreateCourseModel.CreateCourse() in G:\All C# File\Dev Skill All Course\Asp.NetCoreMvc-AllFile-B5\SourceCode\DevSkill_Project\FullProjectSetup_UsingDesignPattern\AttendanceSystem\AttendanceSystem\Areas\Admin\Models\CreateCourseModel.cs:line 38
   at AttendanceSystem.Areas.Admin.Controllers.CourseController.Create(CreateCourseModel model) in G:\All C# File\Dev Skill All Course\Asp.NetCoreMvc-AllFile-B5\SourceCode\DevSkill_Project\FullProjectSetup_UsingDesignPattern\AttendanceSystem\AttendanceSystem\Areas\Admin\Controllers\CourseController.cs:line 66
2021-10-14 20:21:43.573 +06:00 [ERR] Create Course Failed
System.InvalidOperationException: Start date should be atleast 30 days ahead
   at AttendanceDemo.Training.Services.CourseService.CreateCourse(Course course) in G:\All C# File\Dev Skill All Course\Asp.NetCoreMvc-AllFile-B5\SourceCode\DevSkill_Project\FullProjectSetup_UsingDesignPattern\AttendanceSystem\AttendanceDemo.Training\Services\CourseService.cs:line 53
   at AttendanceSystem.Areas.Admin.Models.CreateCourseModel.CreateCourse() in G:\All C# File\Dev Skill All Course\Asp.NetCoreMvc-AllFile-B5\SourceCode\DevSkill_Project\FullProjectSetup_UsingDesignPattern\AttendanceSystem\AttendanceSystem\Areas\Admin\Models\CreateCourseModel.cs:line 38
   at AttendanceSystem.Areas.Admin.Controllers.CourseController.Create(CreateCourseModel model) in G:\All C# File\Dev Skill All Course\Asp.NetCoreMvc-AllFile-B5\SourceCode\DevSkill_Project\FullProjectSetup_UsingDesignPattern\AttendanceSystem\AttendanceSystem\Areas\Admin\Controllers\CourseController.cs:line 66
2021-10-14 20:43:37.213 +06:00 [INF] Application Starting up
2021-10-14 20:44:06.312 +06:00 [ERR] Create Course Failed
System.InvalidOperationException: Start date should be atleast 30 days ahead
   at AttendanceDemo.Training.Services.CourseService.CreateCourse(Course course) in G:\All C# File\Dev Skill All Course\Asp.NetCoreMvc-AllFile-B5\SourceCode\DevSkill_Project\FullProjectSetup_UsingDesignPattern\AttendanceSystem\AttendanceDemo.Training\Services\CourseService.cs:line 53
   at AttendanceSystem.Areas.Admin.Models.CreateCourseModel.CreateCourse() in G:\All C# File\Dev Skill All Course\Asp.NetCoreMvc-AllFile-B5\SourceCode\DevSkill_Project\FullProjectSetup_UsingDesignPattern\AttendanceSystem\AttendanceSystem\Areas\Admin\Models\CreateCourseModel.cs:line 38
   at AttendanceSystem.Areas.Admin.Controllers.CourseController.Create(CreateCourseModel model) in G:\All C# File\Dev Skill All Course\Asp.NetCoreMvc-AllFile-B5\SourceCode\DevSkill_Project\FullProjectSetup_UsingDesignPattern\AttendanceSystem\AttendanceSystem\Areas\Admin\Controllers\CourseController.cs:line 66
2021-10-14 22:49:09.754 +06:00 [INF] Application Starting up
2021-10-14 22:49:46.760 +06:00 [ERR] An unhandled exception has occurred while executing the request.
System.NotImplementedException: The method or operation is not implemented.
   at AttendanceDemo.Training.Services.CourseService.UpdateCourse(Course course) in G:\All C# File\Dev Skill All Course\Asp.NetCoreMvc-AllFile-B5\SourceCode\DevSkill_Project\FullProjectSetup_UsingDesignPattern\AttendanceSystem\AttendanceDemo.Training\Services\CourseService.cs:line 133
   at AttendanceSystem.Areas.Admin.Models.EditCourseModel.Update() in G:\All C# File\Dev Skill All Course\Asp.NetCoreMvc-AllFile-B5\SourceCode\DevSkill_Project\FullProjectSetup_UsingDesignPattern\AttendanceSystem\AttendanceSystem\Areas\Admin\Models\EditCourseModel.cs:line 45
   at AttendanceSystem.Areas.Admin.Controllers.CourseController.Edit(EditCourseModel model) in G:\All C# File\Dev Skill All Course\Asp.NetCoreMvc-AllFile-B5\SourceCode\DevSkill_Project\FullProjectSetup_UsingDesignPattern\AttendanceSystem\AttendanceSystem\Areas\Admin\Controllers\CourseController.cs:line 90
   at lambda_method694(Closure , Object , Object[] )
   at Microsoft.AspNetCore.Mvc.Infrastructure.ActionMethodExecutor.SyncActionResultExecutor.Execute(IActionResultTypeMapper mapper, ObjectMethodExecutor executor, Object controller, Object[] arguments)
   at Microsoft.AspNetCore.Mvc.Infrastructure.ControllerActionInvoker.InvokeActionMethodAsync()
   at Microsoft.AspNetCore.Mvc.Infrastructure.ControllerActionInvoker.Next(State& next, Scope& scope, Object& state, Boolean& isCompleted)
   at Microsoft.AspNetCore.Mvc.Infrastructure.ControllerActionInvoker.InvokeNextActionFilterAsync()
--- End of stack trace from previous location ---
   at Microsoft.AspNetCore.Mvc.Infrastructure.ControllerActionInvoker.Rethrow(ActionExecutedContextSealed context)
   at Microsoft.AspNetCore.Mvc.Infrastructure.ControllerActionInvoker.Next(State& next, Scope& scope, Object& state, Boolean& isCompleted)
   at Microsoft.AspNetCore.Mvc.Infrastructure.ControllerActionInvoker.InvokeInnerFilterAsync()
--- End of stack trace from previous location ---
   at Microsoft.AspNetCore.Mvc.Infrastructure.ResourceInvoker.<InvokeNextResourceFilter>g__Awaited|24_0(ResourceInvoker invoker, Task lastTask, State next, Scope scope, Object state, Boolean isCompleted)
   at Microsoft.AspNetCore.Mvc.Infrastructure.ResourceInvoker.Rethrow(ResourceExecutedContextSealed context)
   at Microsoft.AspNetCore.Mvc.Infrastructure.ResourceInvoker.Next(State& next, Scope& scope, Object& state, Boolean& isCompleted)
   at Microsoft.AspNetCore.Mvc.Infrastructure.ResourceInvoker.InvokeFilterPipelineAsync()
--- End of stack trace from previous location ---
   at Microsoft.AspNetCore.Mvc.Infrastructure.ResourceInvoker.<InvokeAsync>g__Awaited|17_0(ResourceInvoker invoker, Task task, IDisposable scope)
   at Microsoft.AspNetCore.Routing.EndpointMiddleware.<Invoke>g__AwaitRequestTask|6_0(Endpoint endpoint, Task requestTask, ILogger logger)
   at Microsoft.AspNetCore.Session.SessionMiddleware.Invoke(HttpContext context)
   at Microsoft.AspNetCore.Session.SessionMiddleware.Invoke(HttpContext context)
   at Microsoft.AspNetCore.Authorization.AuthorizationMiddleware.Invoke(HttpContext context)
   at Microsoft.AspNetCore.Authentication.AuthenticationMiddleware.Invoke(HttpContext context)
   at Microsoft.AspNetCore.Diagnostics.EntityFrameworkCore.MigrationsEndPointMiddleware.Invoke(HttpContext context)
   at Microsoft.AspNetCore.Diagnostics.DeveloperExceptionPageMiddleware.Invoke(HttpContext context)
