2021-08-31 11:43:19.779 +06:00 [INF] Application Starting up
2021-08-31 11:43:58.546 +06:00 [ERR] An unhandled exception has occurred while executing the request.
Microsoft.AspNetCore.Mvc.Razor.RuntimeCompilation.CompilationFailedException: One or more compilation failures occurred:
G:\All C# File\Dev Skill All Course\Asp.NetCoreMvc-AllFile-B5\SourceCode\DevSkill_Project\FullProjectSetup_UsingDesignPattern\AttendanceSystem\AttendanceSystem\Areas\Admin\Views\Course\Create.cshtml(37,127): error CS1963: An expression tree may not contain a dynamic operation
G:\All C# File\Dev Skill All Course\Asp.NetCoreMvc-AllFile-B5\SourceCode\DevSkill_Project\FullProjectSetup_UsingDesignPattern\AttendanceSystem\AttendanceSystem\Areas\Admin\Views\Course\Create.cshtml(39,127): error CS1963: An expression tree may not contain a dynamic operation
G:\All C# File\Dev Skill All Course\Asp.NetCoreMvc-AllFile-B5\SourceCode\DevSkill_Project\FullProjectSetup_UsingDesignPattern\AttendanceSystem\AttendanceSystem\Areas\Admin\Views\Course\Create.cshtml(44,127): error CS1963: An expression tree may not contain a dynamic operation
G:\All C# File\Dev Skill All Course\Asp.NetCoreMvc-AllFile-B5\SourceCode\DevSkill_Project\FullProjectSetup_UsingDesignPattern\AttendanceSystem\AttendanceSystem\Areas\Admin\Views\Course\Create.cshtml(46,127): error CS1963: An expression tree may not contain a dynamic operation
G:\All C# File\Dev Skill All Course\Asp.NetCoreMvc-AllFile-B5\SourceCode\DevSkill_Project\FullProjectSetup_UsingDesignPattern\AttendanceSystem\AttendanceSystem\Areas\Admin\Views\Course\Create.cshtml(51,127): error CS1963: An expression tree may not contain a dynamic operation
G:\All C# File\Dev Skill All Course\Asp.NetCoreMvc-AllFile-B5\SourceCode\DevSkill_Project\FullProjectSetup_UsingDesignPattern\AttendanceSystem\AttendanceSystem\Areas\Admin\Views\Course\Create.cshtml(53,127): error CS1963: An expression tree may not contain a dynamic operation
   at Microsoft.AspNetCore.Mvc.Razor.RuntimeCompilation.RuntimeViewCompiler.CompileAndEmit(RazorCodeDocument codeDocument, String generatedCode)
   at Microsoft.AspNetCore.Mvc.Razor.RuntimeCompilation.RuntimeViewCompiler.CompileAndEmit(String relativePath)
   at Microsoft.AspNetCore.Mvc.Razor.RuntimeCompilation.RuntimeViewCompiler.OnCacheMiss(String normalizedPath)
--- End of stack trace from previous location ---
   at Microsoft.AspNetCore.Mvc.Razor.Compilation.DefaultRazorPageFactoryProvider.CreateFactory(String relativePath)
   at Microsoft.AspNetCore.Mvc.Razor.RazorViewEngine.CreateCacheResult(HashSet`1 expirationTokens, String relativePath, Boolean isMainPage)
   at Microsoft.AspNetCore.Mvc.Razor.RazorViewEngine.OnCacheMiss(ViewLocationExpanderContext expanderContext, ViewLocationCacheKey cacheKey)
   at Microsoft.AspNetCore.Mvc.Razor.RazorViewEngine.LocatePageFromViewLocations(ActionContext actionContext, String pageName, Boolean isMainPage)
   at Microsoft.AspNetCore.Mvc.Razor.RazorViewEngine.FindView(ActionContext context, String viewName, Boolean isMainPage)
   at Microsoft.AspNetCore.Mvc.ViewEngines.CompositeViewEngine.FindView(ActionContext context, String viewName, Boolean isMainPage)
   at Microsoft.AspNetCore.Mvc.ViewFeatures.ViewResultExecutor.FindView(ActionContext actionContext, ViewResult viewResult)
   at Microsoft.AspNetCore.Mvc.ViewFeatures.ViewResultExecutor.ExecuteAsync(ActionContext context, ViewResult result)
   at Microsoft.AspNetCore.Mvc.ViewResult.ExecuteResultAsync(ActionContext context)
   at Microsoft.AspNetCore.Mvc.Infrastructure.ResourceInvoker.<InvokeNextResultFilterAsync>g__Awaited|29_0[TFilter,TFilterAsync](ResourceInvoker invoker, Task lastTask, State next, Scope scope, Object state, Boolean isCompleted)
   at Microsoft.AspNetCore.Mvc.Infrastructure.ResourceInvoker.Rethrow(ResultExecutedContextSealed context)
   at Microsoft.AspNetCore.Mvc.Infrastructure.ResourceInvoker.ResultNext[TFilter,TFilterAsync](State& next, Scope& scope, Object& state, Boolean& isCompleted)
   at Microsoft.AspNetCore.Mvc.Infrastructure.ResourceInvoker.InvokeResultFilters()
--- End of stack trace from previous location ---
   at Microsoft.AspNetCore.Mvc.Infrastructure.ResourceInvoker.<InvokeNextResourceFilter>g__Awaited|24_0(ResourceInvoker invoker, Task lastTask, State next, Scope scope, Object state, Boolean isCompleted)
   at Microsoft.AspNetCore.Mvc.Infrastructure.ResourceInvoker.Rethrow(ResourceExecutedContextSealed context)
   at Microsoft.AspNetCore.Mvc.Infrastructure.ResourceInvoker.Next(State& next, Scope& scope, Object& state, Boolean& isCompleted)
   at Microsoft.AspNetCore.Mvc.Infrastructure.ResourceInvoker.InvokeFilterPipelineAsync()
--- End of stack trace from previous location ---
   at Microsoft.AspNetCore.Mvc.Infrastructure.ResourceInvoker.<InvokeAsync>g__Awaited|17_0(ResourceInvoker invoker, Task task, IDisposable scope)
   at Microsoft.AspNetCore.Routing.EndpointMiddleware.<Invoke>g__AwaitRequestTask|6_0(Endpoint endpoint, Task requestTask, ILogger logger)
   at Microsoft.AspNetCore.Session.SessionMiddleware.Invoke(HttpContext context)
   at Microsoft.AspNetCore.Session.SessionMiddleware.Invoke(HttpContext context)
   at Microsoft.AspNetCore.Authorization.AuthorizationMiddleware.Invoke(HttpContext context)
   at Microsoft.AspNetCore.Authentication.AuthenticationMiddleware.Invoke(HttpContext context)
   at Microsoft.AspNetCore.Diagnostics.EntityFrameworkCore.MigrationsEndPointMiddleware.Invoke(HttpContext context)
   at Microsoft.AspNetCore.Diagnostics.DeveloperExceptionPageMiddleware.Invoke(HttpContext context)
2021-08-31 11:48:53.830 +06:00 [INF] Application Starting up
2021-08-31 11:49:10.908 +06:00 [ERR] An unhandled exception has occurred while executing the request.
Microsoft.AspNetCore.Mvc.Razor.RuntimeCompilation.CompilationFailedException: One or more compilation failures occurred:
G:\All C# File\Dev Skill All Course\Asp.NetCoreMvc-AllFile-B5\SourceCode\DevSkill_Project\FullProjectSetup_UsingDesignPattern\AttendanceSystem\AttendanceSystem\Areas\Admin\Views\Course\Index.cshtml(9,35): error CS1061: 'CourseListModel' does not contain a definition for 'Products' and no accessible extension method 'Products' accepting a first argument of type 'CourseListModel' could be found (are you missing a using directive or an assembly reference?)
   at Microsoft.AspNetCore.Mvc.Razor.RuntimeCompilation.RuntimeViewCompiler.CompileAndEmit(RazorCodeDocument codeDocument, String generatedCode)
   at Microsoft.AspNetCore.Mvc.Razor.RuntimeCompilation.RuntimeViewCompiler.CompileAndEmit(String relativePath)
   at Microsoft.AspNetCore.Mvc.Razor.RuntimeCompilation.RuntimeViewCompiler.OnCacheMiss(String normalizedPath)
--- End of stack trace from previous location ---
   at Microsoft.AspNetCore.Mvc.Razor.Compilation.DefaultRazorPageFactoryProvider.CreateFactory(String relativePath)
   at Microsoft.AspNetCore.Mvc.Razor.RazorViewEngine.CreateCacheResult(HashSet`1 expirationTokens, String relativePath, Boolean isMainPage)
   at Microsoft.AspNetCore.Mvc.Razor.RazorViewEngine.OnCacheMiss(ViewLocationExpanderContext expanderContext, ViewLocationCacheKey cacheKey)
   at Microsoft.AspNetCore.Mvc.Razor.RazorViewEngine.LocatePageFromViewLocations(ActionContext actionContext, String pageName, Boolean isMainPage)
   at Microsoft.AspNetCore.Mvc.Razor.RazorViewEngine.FindView(ActionContext context, String viewName, Boolean isMainPage)
   at Microsoft.AspNetCore.Mvc.ViewEngines.CompositeViewEngine.FindView(ActionContext context, String viewName, Boolean isMainPage)
   at Microsoft.AspNetCore.Mvc.ViewFeatures.ViewResultExecutor.FindView(ActionContext actionContext, ViewResult viewResult)
   at Microsoft.AspNetCore.Mvc.ViewFeatures.ViewResultExecutor.ExecuteAsync(ActionContext context, ViewResult result)
   at Microsoft.AspNetCore.Mvc.ViewResult.ExecuteResultAsync(ActionContext context)
   at Microsoft.AspNetCore.Mvc.Infrastructure.ResourceInvoker.<InvokeNextResultFilterAsync>g__Awaited|29_0[TFilter,TFilterAsync](ResourceInvoker invoker, Task lastTask, State next, Scope scope, Object state, Boolean isCompleted)
   at Microsoft.AspNetCore.Mvc.Infrastructure.ResourceInvoker.Rethrow(ResultExecutedContextSealed context)
   at Microsoft.AspNetCore.Mvc.Infrastructure.ResourceInvoker.ResultNext[TFilter,TFilterAsync](State& next, Scope& scope, Object& state, Boolean& isCompleted)
   at Microsoft.AspNetCore.Mvc.Infrastructure.ResourceInvoker.InvokeResultFilters()
--- End of stack trace from previous location ---
   at Microsoft.AspNetCore.Mvc.Infrastructure.ResourceInvoker.<InvokeNextResourceFilter>g__Awaited|24_0(ResourceInvoker invoker, Task lastTask, State next, Scope scope, Object state, Boolean isCompleted)
   at Microsoft.AspNetCore.Mvc.Infrastructure.ResourceInvoker.Rethrow(ResourceExecutedContextSealed context)
   at Microsoft.AspNetCore.Mvc.Infrastructure.ResourceInvoker.Next(State& next, Scope& scope, Object& state, Boolean& isCompleted)
   at Microsoft.AspNetCore.Mvc.Infrastructure.ResourceInvoker.InvokeFilterPipelineAsync()
--- End of stack trace from previous location ---
   at Microsoft.AspNetCore.Mvc.Infrastructure.ResourceInvoker.<InvokeAsync>g__Awaited|17_0(ResourceInvoker invoker, Task task, IDisposable scope)
   at Microsoft.AspNetCore.Routing.EndpointMiddleware.<Invoke>g__AwaitRequestTask|6_0(Endpoint endpoint, Task requestTask, ILogger logger)
   at Microsoft.AspNetCore.Session.SessionMiddleware.Invoke(HttpContext context)
   at Microsoft.AspNetCore.Session.SessionMiddleware.Invoke(HttpContext context)
   at Microsoft.AspNetCore.Authorization.AuthorizationMiddleware.Invoke(HttpContext context)
   at Microsoft.AspNetCore.Authentication.AuthenticationMiddleware.Invoke(HttpContext context)
   at Microsoft.AspNetCore.Diagnostics.EntityFrameworkCore.MigrationsEndPointMiddleware.Invoke(HttpContext context)
   at Microsoft.AspNetCore.Diagnostics.DeveloperExceptionPageMiddleware.Invoke(HttpContext context)
2021-08-31 11:51:55.662 +06:00 [INF] Application Starting up
2021-08-31 11:52:22.703 +06:00 [ERR] An unhandled exception has occurred while executing the request.
Microsoft.AspNetCore.Mvc.Razor.RuntimeCompilation.CompilationFailedException: One or more compilation failures occurred:
G:\All C# File\Dev Skill All Course\Asp.NetCoreMvc-AllFile-B5\SourceCode\DevSkill_Project\FullProjectSetup_UsingDesignPattern\AttendanceSystem\AttendanceSystem\Areas\Admin\Views\Course\Create.cshtml(37,127): error CS1963: An expression tree may not contain a dynamic operation
G:\All C# File\Dev Skill All Course\Asp.NetCoreMvc-AllFile-B5\SourceCode\DevSkill_Project\FullProjectSetup_UsingDesignPattern\AttendanceSystem\AttendanceSystem\Areas\Admin\Views\Course\Create.cshtml(39,127): error CS1963: An expression tree may not contain a dynamic operation
G:\All C# File\Dev Skill All Course\Asp.NetCoreMvc-AllFile-B5\SourceCode\DevSkill_Project\FullProjectSetup_UsingDesignPattern\AttendanceSystem\AttendanceSystem\Areas\Admin\Views\Course\Create.cshtml(44,127): error CS1963: An expression tree may not contain a dynamic operation
G:\All C# File\Dev Skill All Course\Asp.NetCoreMvc-AllFile-B5\SourceCode\DevSkill_Project\FullProjectSetup_UsingDesignPattern\AttendanceSystem\AttendanceSystem\Areas\Admin\Views\Course\Create.cshtml(46,127): error CS1963: An expression tree may not contain a dynamic operation
G:\All C# File\Dev Skill All Course\Asp.NetCoreMvc-AllFile-B5\SourceCode\DevSkill_Project\FullProjectSetup_UsingDesignPattern\AttendanceSystem\AttendanceSystem\Areas\Admin\Views\Course\Create.cshtml(51,127): error CS1963: An expression tree may not contain a dynamic operation
G:\All C# File\Dev Skill All Course\Asp.NetCoreMvc-AllFile-B5\SourceCode\DevSkill_Project\FullProjectSetup_UsingDesignPattern\AttendanceSystem\AttendanceSystem\Areas\Admin\Views\Course\Create.cshtml(53,127): error CS1963: An expression tree may not contain a dynamic operation
   at Microsoft.AspNetCore.Mvc.Razor.RuntimeCompilation.RuntimeViewCompiler.CompileAndEmit(RazorCodeDocument codeDocument, String generatedCode)
   at Microsoft.AspNetCore.Mvc.Razor.RuntimeCompilation.RuntimeViewCompiler.CompileAndEmit(String relativePath)
   at Microsoft.AspNetCore.Mvc.Razor.RuntimeCompilation.RuntimeViewCompiler.OnCacheMiss(String normalizedPath)
--- End of stack trace from previous location ---
   at Microsoft.AspNetCore.Mvc.Razor.Compilation.DefaultRazorPageFactoryProvider.CreateFactory(String relativePath)
   at Microsoft.AspNetCore.Mvc.Razor.RazorViewEngine.CreateCacheResult(HashSet`1 expirationTokens, String relativePath, Boolean isMainPage)
   at Microsoft.AspNetCore.Mvc.Razor.RazorViewEngine.OnCacheMiss(ViewLocationExpanderContext expanderContext, ViewLocationCacheKey cacheKey)
   at Microsoft.AspNetCore.Mvc.Razor.RazorViewEngine.LocatePageFromViewLocations(ActionContext actionContext, String pageName, Boolean isMainPage)
   at Microsoft.AspNetCore.Mvc.Razor.RazorViewEngine.FindView(ActionContext context, String viewName, Boolean isMainPage)
   at Microsoft.AspNetCore.Mvc.ViewEngines.CompositeViewEngine.FindView(ActionContext context, String viewName, Boolean isMainPage)
   at Microsoft.AspNetCore.Mvc.ViewFeatures.ViewResultExecutor.FindView(ActionContext actionContext, ViewResult viewResult)
   at Microsoft.AspNetCore.Mvc.ViewFeatures.ViewResultExecutor.ExecuteAsync(ActionContext context, ViewResult result)
   at Microsoft.AspNetCore.Mvc.ViewResult.ExecuteResultAsync(ActionContext context)
   at Microsoft.AspNetCore.Mvc.Infrastructure.ResourceInvoker.<InvokeNextResultFilterAsync>g__Awaited|29_0[TFilter,TFilterAsync](ResourceInvoker invoker, Task lastTask, State next, Scope scope, Object state, Boolean isCompleted)
   at Microsoft.AspNetCore.Mvc.Infrastructure.ResourceInvoker.Rethrow(ResultExecutedContextSealed context)
   at Microsoft.AspNetCore.Mvc.Infrastructure.ResourceInvoker.ResultNext[TFilter,TFilterAsync](State& next, Scope& scope, Object& state, Boolean& isCompleted)
   at Microsoft.AspNetCore.Mvc.Infrastructure.ResourceInvoker.InvokeResultFilters()
--- End of stack trace from previous location ---
   at Microsoft.AspNetCore.Mvc.Infrastructure.ResourceInvoker.<InvokeNextResourceFilter>g__Awaited|24_0(ResourceInvoker invoker, Task lastTask, State next, Scope scope, Object state, Boolean isCompleted)
   at Microsoft.AspNetCore.Mvc.Infrastructure.ResourceInvoker.Rethrow(ResourceExecutedContextSealed context)
   at Microsoft.AspNetCore.Mvc.Infrastructure.ResourceInvoker.Next(State& next, Scope& scope, Object& state, Boolean& isCompleted)
   at Microsoft.AspNetCore.Mvc.Infrastructure.ResourceInvoker.InvokeFilterPipelineAsync()
--- End of stack trace from previous location ---
   at Microsoft.AspNetCore.Mvc.Infrastructure.ResourceInvoker.<InvokeAsync>g__Awaited|17_0(ResourceInvoker invoker, Task task, IDisposable scope)
   at Microsoft.AspNetCore.Routing.EndpointMiddleware.<Invoke>g__AwaitRequestTask|6_0(Endpoint endpoint, Task requestTask, ILogger logger)
   at Microsoft.AspNetCore.Session.SessionMiddleware.Invoke(HttpContext context)
   at Microsoft.AspNetCore.Session.SessionMiddleware.Invoke(HttpContext context)
   at Microsoft.AspNetCore.Authorization.AuthorizationMiddleware.Invoke(HttpContext context)
   at Microsoft.AspNetCore.Authentication.AuthenticationMiddleware.Invoke(HttpContext context)
   at Microsoft.AspNetCore.Diagnostics.EntityFrameworkCore.MigrationsEndPointMiddleware.Invoke(HttpContext context)
   at Microsoft.AspNetCore.Diagnostics.DeveloperExceptionPageMiddleware.Invoke(HttpContext context)
2021-08-31 11:54:19.568 +06:00 [INF] Application Starting up
2021-08-31 11:54:33.397 +06:00 [ERR] An unhandled exception has occurred while executing the request.
Microsoft.AspNetCore.Mvc.Razor.RuntimeCompilation.CompilationFailedException: One or more compilation failures occurred:
G:\All C# File\Dev Skill All Course\Asp.NetCoreMvc-AllFile-B5\SourceCode\DevSkill_Project\FullProjectSetup_UsingDesignPattern\AttendanceSystem\AttendanceSystem\Areas\Admin\Views\Course\Create.cshtml(37,135): error CS1061: 'CourseListModel' does not contain a definition for 'Title' and no accessible extension method 'Title' accepting a first argument of type 'CourseListModel' could be found (are you missing a using directive or an assembly reference?)
G:\All C# File\Dev Skill All Course\Asp.NetCoreMvc-AllFile-B5\SourceCode\DevSkill_Project\FullProjectSetup_UsingDesignPattern\AttendanceSystem\AttendanceSystem\Areas\Admin\Views\Course\Create.cshtml(39,135): error CS1061: 'CourseListModel' does not contain a definition for 'Title' and no accessible extension method 'Title' accepting a first argument of type 'CourseListModel' could be found (are you missing a using directive or an assembly reference?)
G:\All C# File\Dev Skill All Course\Asp.NetCoreMvc-AllFile-B5\SourceCode\DevSkill_Project\FullProjectSetup_UsingDesignPattern\AttendanceSystem\AttendanceSystem\Areas\Admin\Views\Course\Create.cshtml(44,135): error CS1061: 'CourseListModel' does not contain a definition for 'Fees' and no accessible extension method 'Fees' accepting a first argument of type 'CourseListModel' could be found (are you missing a using directive or an assembly reference?)
G:\All C# File\Dev Skill All Course\Asp.NetCoreMvc-AllFile-B5\SourceCode\DevSkill_Project\FullProjectSetup_UsingDesignPattern\AttendanceSystem\AttendanceSystem\Areas\Admin\Views\Course\Create.cshtml(46,135): error CS1061: 'CourseListModel' does not contain a definition for 'Fees' and no accessible extension method 'Fees' accepting a first argument of type 'CourseListModel' could be found (are you missing a using directive or an assembly reference?)
G:\All C# File\Dev Skill All Course\Asp.NetCoreMvc-AllFile-B5\SourceCode\DevSkill_Project\FullProjectSetup_UsingDesignPattern\AttendanceSystem\AttendanceSystem\Areas\Admin\Views\Course\Create.cshtml(51,135): error CS1061: 'CourseListModel' does not contain a definition for 'StartDate' and no accessible extension method 'StartDate' accepting a first argument of type 'CourseListModel' could be found (are you missing a using directive or an assembly reference?)
G:\All C# File\Dev Skill All Course\Asp.NetCoreMvc-AllFile-B5\SourceCode\DevSkill_Project\FullProjectSetup_UsingDesignPattern\AttendanceSystem\AttendanceSystem\Areas\Admin\Views\Course\Create.cshtml(53,135): error CS1061: 'CourseListModel' does not contain a definition for 'StartDate' and no accessible extension method 'StartDate' accepting a first argument of type 'CourseListModel' could be found (are you missing a using directive or an assembly reference?)
   at Microsoft.AspNetCore.Mvc.Razor.RuntimeCompilation.RuntimeViewCompiler.CompileAndEmit(RazorCodeDocument codeDocument, String generatedCode)
   at Microsoft.AspNetCore.Mvc.Razor.RuntimeCompilation.RuntimeViewCompiler.CompileAndEmit(String relativePath)
   at Microsoft.AspNetCore.Mvc.Razor.RuntimeCompilation.RuntimeViewCompiler.OnCacheMiss(String normalizedPath)
--- End of stack trace from previous location ---
   at Microsoft.AspNetCore.Mvc.Razor.Compilation.DefaultRazorPageFactoryProvider.CreateFactory(String relativePath)
   at Microsoft.AspNetCore.Mvc.Razor.RazorViewEngine.CreateCacheResult(HashSet`1 expirationTokens, String relativePath, Boolean isMainPage)
   at Microsoft.AspNetCore.Mvc.Razor.RazorViewEngine.OnCacheMiss(ViewLocationExpanderContext expanderContext, ViewLocationCacheKey cacheKey)
   at Microsoft.AspNetCore.Mvc.Razor.RazorViewEngine.LocatePageFromViewLocations(ActionContext actionContext, String pageName, Boolean isMainPage)
   at Microsoft.AspNetCore.Mvc.Razor.RazorViewEngine.FindView(ActionContext context, String viewName, Boolean isMainPage)
   at Microsoft.AspNetCore.Mvc.ViewEngines.CompositeViewEngine.FindView(ActionContext context, String viewName, Boolean isMainPage)
   at Microsoft.AspNetCore.Mvc.ViewFeatures.ViewResultExecutor.FindView(ActionContext actionContext, ViewResult viewResult)
   at Microsoft.AspNetCore.Mvc.ViewFeatures.ViewResultExecutor.ExecuteAsync(ActionContext context, ViewResult result)
   at Microsoft.AspNetCore.Mvc.ViewResult.ExecuteResultAsync(ActionContext context)
   at Microsoft.AspNetCore.Mvc.Infrastructure.ResourceInvoker.<InvokeNextResultFilterAsync>g__Awaited|29_0[TFilter,TFilterAsync](ResourceInvoker invoker, Task lastTask, State next, Scope scope, Object state, Boolean isCompleted)
   at Microsoft.AspNetCore.Mvc.Infrastructure.ResourceInvoker.Rethrow(ResultExecutedContextSealed context)
   at Microsoft.AspNetCore.Mvc.Infrastructure.ResourceInvoker.ResultNext[TFilter,TFilterAsync](State& next, Scope& scope, Object& state, Boolean& isCompleted)
   at Microsoft.AspNetCore.Mvc.Infrastructure.ResourceInvoker.InvokeResultFilters()
--- End of stack trace from previous location ---
   at Microsoft.AspNetCore.Mvc.Infrastructure.ResourceInvoker.<InvokeNextResourceFilter>g__Awaited|24_0(ResourceInvoker invoker, Task lastTask, State next, Scope scope, Object state, Boolean isCompleted)
   at Microsoft.AspNetCore.Mvc.Infrastructure.ResourceInvoker.Rethrow(ResourceExecutedContextSealed context)
   at Microsoft.AspNetCore.Mvc.Infrastructure.ResourceInvoker.Next(State& next, Scope& scope, Object& state, Boolean& isCompleted)
   at Microsoft.AspNetCore.Mvc.Infrastructure.ResourceInvoker.InvokeFilterPipelineAsync()
--- End of stack trace from previous location ---
   at Microsoft.AspNetCore.Mvc.Infrastructure.ResourceInvoker.<InvokeAsync>g__Awaited|17_0(ResourceInvoker invoker, Task task, IDisposable scope)
   at Microsoft.AspNetCore.Routing.EndpointMiddleware.<Invoke>g__AwaitRequestTask|6_0(Endpoint endpoint, Task requestTask, ILogger logger)
   at Microsoft.AspNetCore.Session.SessionMiddleware.Invoke(HttpContext context)
   at Microsoft.AspNetCore.Session.SessionMiddleware.Invoke(HttpContext context)
   at Microsoft.AspNetCore.Authorization.AuthorizationMiddleware.Invoke(HttpContext context)
   at Microsoft.AspNetCore.Authentication.AuthenticationMiddleware.Invoke(HttpContext context)
   at Microsoft.AspNetCore.Diagnostics.EntityFrameworkCore.MigrationsEndPointMiddleware.Invoke(HttpContext context)
   at Microsoft.AspNetCore.Diagnostics.DeveloperExceptionPageMiddleware.Invoke(HttpContext context)
2021-08-31 13:14:02.846 +06:00 [INF] Application Starting up
2021-08-31 13:15:22.323 +06:00 [INF] Application Starting up
2021-08-31 13:18:17.715 +06:00 [INF] Application Starting up
2021-08-31 13:18:41.161 +06:00 [ERR] Create course Faield
System.NotImplementedException: The method or operation is not implemented.
   at AttendanceDemo.Training.Services.CourseService.CreateCourse(Course course) in G:\All C# File\Dev Skill All Course\Asp.NetCoreMvc-AllFile-B5\SourceCode\DevSkill_Project\FullProjectSetup_UsingDesignPattern\AttendanceSystem\AttendanceDemo.Training\Services\CourseService.cs:line 96
   at AttendanceSystem.Areas.Admin.Models.CreateCourseModel.CreateCourse() in G:\All C# File\Dev Skill All Course\Asp.NetCoreMvc-AllFile-B5\SourceCode\DevSkill_Project\FullProjectSetup_UsingDesignPattern\AttendanceSystem\AttendanceSystem\Areas\Admin\Models\CreateCourseModel.cs:line 38
   at AttendanceSystem.Areas.Admin.Controllers.CourseController.Create(CreateCourseModel model) in G:\All C# File\Dev Skill All Course\Asp.NetCoreMvc-AllFile-B5\SourceCode\DevSkill_Project\FullProjectSetup_UsingDesignPattern\AttendanceSystem\AttendanceSystem\Areas\Admin\Controllers\CourseController.cs:line 57
2021-08-31 13:19:20.730 +06:00 [ERR] Create course Faield
System.NotImplementedException: The method or operation is not implemented.
   at AttendanceDemo.Training.Services.CourseService.CreateCourse(Course course) in G:\All C# File\Dev Skill All Course\Asp.NetCoreMvc-AllFile-B5\SourceCode\DevSkill_Project\FullProjectSetup_UsingDesignPattern\AttendanceSystem\AttendanceDemo.Training\Services\CourseService.cs:line 96
   at AttendanceSystem.Areas.Admin.Models.CreateCourseModel.CreateCourse() in G:\All C# File\Dev Skill All Course\Asp.NetCoreMvc-AllFile-B5\SourceCode\DevSkill_Project\FullProjectSetup_UsingDesignPattern\AttendanceSystem\AttendanceSystem\Areas\Admin\Models\CreateCourseModel.cs:line 38
   at AttendanceSystem.Areas.Admin.Controllers.CourseController.Create(CreateCourseModel model) in G:\All C# File\Dev Skill All Course\Asp.NetCoreMvc-AllFile-B5\SourceCode\DevSkill_Project\FullProjectSetup_UsingDesignPattern\AttendanceSystem\AttendanceSystem\Areas\Admin\Controllers\CourseController.cs:line 57
2021-08-31 13:19:28.384 +06:00 [ERR] Create course Faield
System.NotImplementedException: The method or operation is not implemented.
   at AttendanceDemo.Training.Services.CourseService.CreateCourse(Course course) in G:\All C# File\Dev Skill All Course\Asp.NetCoreMvc-AllFile-B5\SourceCode\DevSkill_Project\FullProjectSetup_UsingDesignPattern\AttendanceSystem\AttendanceDemo.Training\Services\CourseService.cs:line 96
   at AttendanceSystem.Areas.Admin.Models.CreateCourseModel.CreateCourse() in G:\All C# File\Dev Skill All Course\Asp.NetCoreMvc-AllFile-B5\SourceCode\DevSkill_Project\FullProjectSetup_UsingDesignPattern\AttendanceSystem\AttendanceSystem\Areas\Admin\Models\CreateCourseModel.cs:line 38
   at AttendanceSystem.Areas.Admin.Controllers.CourseController.Create(CreateCourseModel model) in G:\All C# File\Dev Skill All Course\Asp.NetCoreMvc-AllFile-B5\SourceCode\DevSkill_Project\FullProjectSetup_UsingDesignPattern\AttendanceSystem\AttendanceSystem\Areas\Admin\Controllers\CourseController.cs:line 57
2021-08-31 13:19:55.342 +06:00 [INF] Application Starting up
2021-08-31 13:20:31.158 +06:00 [ERR] Create course Faield
System.NotImplementedException: The method or operation is not implemented.
   at AttendanceDemo.Training.Services.CourseService.CreateCourse(Course course) in G:\All C# File\Dev Skill All Course\Asp.NetCoreMvc-AllFile-B5\SourceCode\DevSkill_Project\FullProjectSetup_UsingDesignPattern\AttendanceSystem\AttendanceDemo.Training\Services\CourseService.cs:line 96
   at AttendanceSystem.Areas.Admin.Models.CreateCourseModel.CreateCourse() in G:\All C# File\Dev Skill All Course\Asp.NetCoreMvc-AllFile-B5\SourceCode\DevSkill_Project\FullProjectSetup_UsingDesignPattern\AttendanceSystem\AttendanceSystem\Areas\Admin\Models\CreateCourseModel.cs:line 38
   at AttendanceSystem.Areas.Admin.Controllers.CourseController.Create(CreateCourseModel model) in G:\All C# File\Dev Skill All Course\Asp.NetCoreMvc-AllFile-B5\SourceCode\DevSkill_Project\FullProjectSetup_UsingDesignPattern\AttendanceSystem\AttendanceSystem\Areas\Admin\Controllers\CourseController.cs:line 57
2021-08-31 13:24:05.319 +06:00 [INF] Application Starting up
2021-08-31 13:26:15.853 +06:00 [ERR] Create course Faield
System.NotImplementedException: The method or operation is not implemented.
   at AttendanceDemo.Training.Services.CourseService.CreateCourse(Course course) in G:\All C# File\Dev Skill All Course\Asp.NetCoreMvc-AllFile-B5\SourceCode\DevSkill_Project\FullProjectSetup_UsingDesignPattern\AttendanceSystem\AttendanceDemo.Training\Services\CourseService.cs:line 96
   at AttendanceSystem.Areas.Admin.Models.CreateCourseModel.CreateCourse() in G:\All C# File\Dev Skill All Course\Asp.NetCoreMvc-AllFile-B5\SourceCode\DevSkill_Project\FullProjectSetup_UsingDesignPattern\AttendanceSystem\AttendanceSystem\Areas\Admin\Models\CreateCourseModel.cs:line 38
   at AttendanceSystem.Areas.Admin.Controllers.CourseController.Create(CreateCourseModel model) in G:\All C# File\Dev Skill All Course\Asp.NetCoreMvc-AllFile-B5\SourceCode\DevSkill_Project\FullProjectSetup_UsingDesignPattern\AttendanceSystem\AttendanceSystem\Areas\Admin\Controllers\CourseController.cs:line 57
2021-08-31 13:26:41.103 +06:00 [INF] Application Starting up
2021-08-31 13:27:37.053 +06:00 [ERR] Create course Faield
System.NotImplementedException: The method or operation is not implemented.
   at AttendanceDemo.Training.Services.CourseService.CreateCourse(Course course) in G:\All C# File\Dev Skill All Course\Asp.NetCoreMvc-AllFile-B5\SourceCode\DevSkill_Project\FullProjectSetup_UsingDesignPattern\AttendanceSystem\AttendanceDemo.Training\Services\CourseService.cs:line 96
   at AttendanceSystem.Areas.Admin.Models.CreateCourseModel.CreateCourse() in G:\All C# File\Dev Skill All Course\Asp.NetCoreMvc-AllFile-B5\SourceCode\DevSkill_Project\FullProjectSetup_UsingDesignPattern\AttendanceSystem\AttendanceSystem\Areas\Admin\Models\CreateCourseModel.cs:line 38
   at AttendanceSystem.Areas.Admin.Controllers.CourseController.Create(CreateCourseModel model) in G:\All C# File\Dev Skill All Course\Asp.NetCoreMvc-AllFile-B5\SourceCode\DevSkill_Project\FullProjectSetup_UsingDesignPattern\AttendanceSystem\AttendanceSystem\Areas\Admin\Controllers\CourseController.cs:line 57
2021-08-31 17:27:00.961 +06:00 [INF] Application Starting up
2021-08-31 17:27:26.874 +06:00 [ERR] Create course Faield
System.NotImplementedException: The method or operation is not implemented.
   at AttendanceDemo.Training.Services.CourseService.CreateCourse(Course course) in G:\All C# File\Dev Skill All Course\Asp.NetCoreMvc-AllFile-B5\SourceCode\DevSkill_Project\FullProjectSetup_UsingDesignPattern\AttendanceSystem\AttendanceDemo.Training\Services\CourseService.cs:line 101
   at AttendanceSystem.Areas.Admin.Models.CreateCourseModel.CreateCourse() in G:\All C# File\Dev Skill All Course\Asp.NetCoreMvc-AllFile-B5\SourceCode\DevSkill_Project\FullProjectSetup_UsingDesignPattern\AttendanceSystem\AttendanceSystem\Areas\Admin\Models\CreateCourseModel.cs:line 38
   at AttendanceSystem.Areas.Admin.Controllers.CourseController.Create(CreateCourseModel model) in G:\All C# File\Dev Skill All Course\Asp.NetCoreMvc-AllFile-B5\SourceCode\DevSkill_Project\FullProjectSetup_UsingDesignPattern\AttendanceSystem\AttendanceSystem\Areas\Admin\Controllers\CourseController.cs:line 57
2021-08-31 17:28:40.894 +06:00 [ERR] Create course Faield
System.NotImplementedException: The method or operation is not implemented.
   at AttendanceDemo.Training.Services.CourseService.CreateCourse(Course course) in G:\All C# File\Dev Skill All Course\Asp.NetCoreMvc-AllFile-B5\SourceCode\DevSkill_Project\FullProjectSetup_UsingDesignPattern\AttendanceSystem\AttendanceDemo.Training\Services\CourseService.cs:line 101
   at AttendanceSystem.Areas.Admin.Models.CreateCourseModel.CreateCourse() in G:\All C# File\Dev Skill All Course\Asp.NetCoreMvc-AllFile-B5\SourceCode\DevSkill_Project\FullProjectSetup_UsingDesignPattern\AttendanceSystem\AttendanceSystem\Areas\Admin\Models\CreateCourseModel.cs:line 38
   at AttendanceSystem.Areas.Admin.Controllers.CourseController.Create(CreateCourseModel model) in G:\All C# File\Dev Skill All Course\Asp.NetCoreMvc-AllFile-B5\SourceCode\DevSkill_Project\FullProjectSetup_UsingDesignPattern\AttendanceSystem\AttendanceSystem\Areas\Admin\Controllers\CourseController.cs:line 57
2021-08-31 17:29:08.331 +06:00 [ERR] Create course Faield
System.NotImplementedException: The method or operation is not implemented.
   at AttendanceDemo.Training.Services.CourseService.CreateCourse(Course course) in G:\All C# File\Dev Skill All Course\Asp.NetCoreMvc-AllFile-B5\SourceCode\DevSkill_Project\FullProjectSetup_UsingDesignPattern\AttendanceSystem\AttendanceDemo.Training\Services\CourseService.cs:line 101
   at AttendanceSystem.Areas.Admin.Models.CreateCourseModel.CreateCourse() in G:\All C# File\Dev Skill All Course\Asp.NetCoreMvc-AllFile-B5\SourceCode\DevSkill_Project\FullProjectSetup_UsingDesignPattern\AttendanceSystem\AttendanceSystem\Areas\Admin\Models\CreateCourseModel.cs:line 38
   at AttendanceSystem.Areas.Admin.Controllers.CourseController.Create(CreateCourseModel model) in G:\All C# File\Dev Skill All Course\Asp.NetCoreMvc-AllFile-B5\SourceCode\DevSkill_Project\FullProjectSetup_UsingDesignPattern\AttendanceSystem\AttendanceSystem\Areas\Admin\Controllers\CourseController.cs:line 57
2021-08-31 17:30:02.471 +06:00 [INF] Application Starting up
2021-08-31 17:30:03.988 +06:00 [ERR] Create course Faield
System.NotImplementedException: The method or operation is not implemented.
   at AttendanceDemo.Training.Services.CourseService.CreateCourse(Course course) in G:\All C# File\Dev Skill All Course\Asp.NetCoreMvc-AllFile-B5\SourceCode\DevSkill_Project\FullProjectSetup_UsingDesignPattern\AttendanceSystem\AttendanceDemo.Training\Services\CourseService.cs:line 101
   at AttendanceSystem.Areas.Admin.Models.CreateCourseModel.CreateCourse() in G:\All C# File\Dev Skill All Course\Asp.NetCoreMvc-AllFile-B5\SourceCode\DevSkill_Project\FullProjectSetup_UsingDesignPattern\AttendanceSystem\AttendanceSystem\Areas\Admin\Models\CreateCourseModel.cs:line 38
   at AttendanceSystem.Areas.Admin.Controllers.CourseController.Create(CreateCourseModel model) in G:\All C# File\Dev Skill All Course\Asp.NetCoreMvc-AllFile-B5\SourceCode\DevSkill_Project\FullProjectSetup_UsingDesignPattern\AttendanceSystem\AttendanceSystem\Areas\Admin\Controllers\CourseController.cs:line 57
2021-08-31 17:30:26.613 +06:00 [ERR] Create course Faield
System.NotImplementedException: The method or operation is not implemented.
   at AttendanceDemo.Training.Services.CourseService.CreateCourse(Course course) in G:\All C# File\Dev Skill All Course\Asp.NetCoreMvc-AllFile-B5\SourceCode\DevSkill_Project\FullProjectSetup_UsingDesignPattern\AttendanceSystem\AttendanceDemo.Training\Services\CourseService.cs:line 101
   at AttendanceSystem.Areas.Admin.Models.CreateCourseModel.CreateCourse() in G:\All C# File\Dev Skill All Course\Asp.NetCoreMvc-AllFile-B5\SourceCode\DevSkill_Project\FullProjectSetup_UsingDesignPattern\AttendanceSystem\AttendanceSystem\Areas\Admin\Models\CreateCourseModel.cs:line 38
   at AttendanceSystem.Areas.Admin.Controllers.CourseController.Create(CreateCourseModel model) in G:\All C# File\Dev Skill All Course\Asp.NetCoreMvc-AllFile-B5\SourceCode\DevSkill_Project\FullProjectSetup_UsingDesignPattern\AttendanceSystem\AttendanceSystem\Areas\Admin\Controllers\CourseController.cs:line 57
2021-08-31 17:32:05.827 +06:00 [INF] Application Starting up
2021-08-31 17:32:07.106 +06:00 [ERR] Create course Faield
System.NotImplementedException: The method or operation is not implemented.
   at AttendanceDemo.Training.Services.CourseService.CreateCourse(Course course) in G:\All C# File\Dev Skill All Course\Asp.NetCoreMvc-AllFile-B5\SourceCode\DevSkill_Project\FullProjectSetup_UsingDesignPattern\AttendanceSystem\AttendanceDemo.Training\Services\CourseService.cs:line 101
   at AttendanceSystem.Areas.Admin.Models.CreateCourseModel.CreateCourse() in G:\All C# File\Dev Skill All Course\Asp.NetCoreMvc-AllFile-B5\SourceCode\DevSkill_Project\FullProjectSetup_UsingDesignPattern\AttendanceSystem\AttendanceSystem\Areas\Admin\Models\CreateCourseModel.cs:line 38
   at AttendanceSystem.Areas.Admin.Controllers.CourseController.Create(CreateCourseModel model) in G:\All C# File\Dev Skill All Course\Asp.NetCoreMvc-AllFile-B5\SourceCode\DevSkill_Project\FullProjectSetup_UsingDesignPattern\AttendanceSystem\AttendanceSystem\Areas\Admin\Controllers\CourseController.cs:line 57
2021-08-31 17:40:44.373 +06:00 [INF] Application Starting up
2021-08-31 17:42:14.582 +06:00 [ERR] Create course Faield
System.NotImplementedException: The method or operation is not implemented.
   at AttendanceDemo.Training.Services.CourseService.CreateCourse(Course course) in G:\All C# File\Dev Skill All Course\Asp.NetCoreMvc-AllFile-B5\SourceCode\DevSkill_Project\FullProjectSetup_UsingDesignPattern\AttendanceSystem\AttendanceDemo.Training\Services\CourseService.cs:line 101
   at AttendanceSystem.Areas.Admin.Models.CreateCourseModel.CreateCourse() in G:\All C# File\Dev Skill All Course\Asp.NetCoreMvc-AllFile-B5\SourceCode\DevSkill_Project\FullProjectSetup_UsingDesignPattern\AttendanceSystem\AttendanceSystem\Areas\Admin\Models\CreateCourseModel.cs:line 38
   at AttendanceSystem.Areas.Admin.Controllers.CourseController.Create(CreateCourseModel model) in G:\All C# File\Dev Skill All Course\Asp.NetCoreMvc-AllFile-B5\SourceCode\DevSkill_Project\FullProjectSetup_UsingDesignPattern\AttendanceSystem\AttendanceSystem\Areas\Admin\Controllers\CourseController.cs:line 57
2021-08-31 17:48:10.374 +06:00 [INF] Application Starting up
2021-08-31 17:48:31.251 +06:00 [ERR] Create course Faield
System.NotImplementedException: The method or operation is not implemented.
   at AttendanceDemo.Training.Services.CourseService.CreateCourse(Course course) in G:\All C# File\Dev Skill All Course\Asp.NetCoreMvc-AllFile-B5\SourceCode\DevSkill_Project\FullProjectSetup_UsingDesignPattern\AttendanceSystem\AttendanceDemo.Training\Services\CourseService.cs:line 101
   at AttendanceSystem.Areas.Admin.Models.CreateCourseModel.CreateCourse() in G:\All C# File\Dev Skill All Course\Asp.NetCoreMvc-AllFile-B5\SourceCode\DevSkill_Project\FullProjectSetup_UsingDesignPattern\AttendanceSystem\AttendanceSystem\Areas\Admin\Models\CreateCourseModel.cs:line 38
   at AttendanceSystem.Areas.Admin.Controllers.CourseController.Create(CreateCourseModel model) in G:\All C# File\Dev Skill All Course\Asp.NetCoreMvc-AllFile-B5\SourceCode\DevSkill_Project\FullProjectSetup_UsingDesignPattern\AttendanceSystem\AttendanceSystem\Areas\Admin\Controllers\CourseController.cs:line 58
2021-08-31 17:49:13.285 +06:00 [INF] Application Starting up
2021-08-31 17:49:14.684 +06:00 [ERR] Create course Faield
System.NotImplementedException: The method or operation is not implemented.
   at AttendanceDemo.Training.Services.CourseService.CreateCourse(Course course) in G:\All C# File\Dev Skill All Course\Asp.NetCoreMvc-AllFile-B5\SourceCode\DevSkill_Project\FullProjectSetup_UsingDesignPattern\AttendanceSystem\AttendanceDemo.Training\Services\CourseService.cs:line 101
   at AttendanceSystem.Areas.Admin.Models.CreateCourseModel.CreateCourse() in G:\All C# File\Dev Skill All Course\Asp.NetCoreMvc-AllFile-B5\SourceCode\DevSkill_Project\FullProjectSetup_UsingDesignPattern\AttendanceSystem\AttendanceSystem\Areas\Admin\Models\CreateCourseModel.cs:line 38
   at AttendanceSystem.Areas.Admin.Controllers.CourseController.Create(CreateCourseModel model) in G:\All C# File\Dev Skill All Course\Asp.NetCoreMvc-AllFile-B5\SourceCode\DevSkill_Project\FullProjectSetup_UsingDesignPattern\AttendanceSystem\AttendanceSystem\Areas\Admin\Controllers\CourseController.cs:line 58
2021-08-31 17:49:31.267 +06:00 [INF] Application Starting up
2021-08-31 17:49:32.535 +06:00 [ERR] Create course Faield
System.NotImplementedException: The method or operation is not implemented.
   at AttendanceDemo.Training.Services.CourseService.CreateCourse(Course course) in G:\All C# File\Dev Skill All Course\Asp.NetCoreMvc-AllFile-B5\SourceCode\DevSkill_Project\FullProjectSetup_UsingDesignPattern\AttendanceSystem\AttendanceDemo.Training\Services\CourseService.cs:line 101
   at AttendanceSystem.Areas.Admin.Models.CreateCourseModel.CreateCourse() in G:\All C# File\Dev Skill All Course\Asp.NetCoreMvc-AllFile-B5\SourceCode\DevSkill_Project\FullProjectSetup_UsingDesignPattern\AttendanceSystem\AttendanceSystem\Areas\Admin\Models\CreateCourseModel.cs:line 38
   at AttendanceSystem.Areas.Admin.Controllers.CourseController.Create(CreateCourseModel model) in G:\All C# File\Dev Skill All Course\Asp.NetCoreMvc-AllFile-B5\SourceCode\DevSkill_Project\FullProjectSetup_UsingDesignPattern\AttendanceSystem\AttendanceSystem\Areas\Admin\Controllers\CourseController.cs:line 58
2021-08-31 17:58:42.580 +06:00 [INF] Application Starting up
2021-08-31 17:58:44.120 +06:00 [ERR] Create course Faield
System.NotImplementedException: The method or operation is not implemented.
   at AttendanceDemo.Training.Services.CourseService.CreateCourse(Course course) in G:\All C# File\Dev Skill All Course\Asp.NetCoreMvc-AllFile-B5\SourceCode\DevSkill_Project\FullProjectSetup_UsingDesignPattern\AttendanceSystem\AttendanceDemo.Training\Services\CourseService.cs:line 101
   at AttendanceSystem.Areas.Admin.Models.CreateCourseModel.CreateCourse() in G:\All C# File\Dev Skill All Course\Asp.NetCoreMvc-AllFile-B5\SourceCode\DevSkill_Project\FullProjectSetup_UsingDesignPattern\AttendanceSystem\AttendanceSystem\Areas\Admin\Models\CreateCourseModel.cs:line 38
   at AttendanceSystem.Areas.Admin.Controllers.CourseController.Create(CreateCourseModel model) in G:\All C# File\Dev Skill All Course\Asp.NetCoreMvc-AllFile-B5\SourceCode\DevSkill_Project\FullProjectSetup_UsingDesignPattern\AttendanceSystem\AttendanceSystem\Areas\Admin\Controllers\CourseController.cs:line 58
2021-08-31 18:04:23.671 +06:00 [INF] Application Starting up
2021-08-31 18:05:59.340 +06:00 [ERR] Create course Faield
System.NotImplementedException: The method or operation is not implemented.
   at AttendanceDemo.Training.Services.CourseService.CreateCourse(Course course) in G:\All C# File\Dev Skill All Course\Asp.NetCoreMvc-AllFile-B5\SourceCode\DevSkill_Project\FullProjectSetup_UsingDesignPattern\AttendanceSystem\AttendanceDemo.Training\Services\CourseService.cs:line 96
   at AttendanceSystem.Areas.Admin.Models.CreateCourseModel.CreateCourse() in G:\All C# File\Dev Skill All Course\Asp.NetCoreMvc-AllFile-B5\SourceCode\DevSkill_Project\FullProjectSetup_UsingDesignPattern\AttendanceSystem\AttendanceSystem\Areas\Admin\Models\CreateCourseModel.cs:line 38
   at AttendanceSystem.Areas.Admin.Controllers.CourseController.Create(CreateCourseModel model) in G:\All C# File\Dev Skill All Course\Asp.NetCoreMvc-AllFile-B5\SourceCode\DevSkill_Project\FullProjectSetup_UsingDesignPattern\AttendanceSystem\AttendanceSystem\Areas\Admin\Controllers\CourseController.cs:line 58
2021-08-31 18:06:29.961 +06:00 [INF] Application Starting up
2021-08-31 18:06:31.364 +06:00 [ERR] Create course Faield
System.NotImplementedException: The method or operation is not implemented.
   at AttendanceDemo.Training.Services.CourseService.CreateCourse(Course course) in G:\All C# File\Dev Skill All Course\Asp.NetCoreMvc-AllFile-B5\SourceCode\DevSkill_Project\FullProjectSetup_UsingDesignPattern\AttendanceSystem\AttendanceDemo.Training\Services\CourseService.cs:line 96
   at AttendanceSystem.Areas.Admin.Models.CreateCourseModel.CreateCourse() in G:\All C# File\Dev Skill All Course\Asp.NetCoreMvc-AllFile-B5\SourceCode\DevSkill_Project\FullProjectSetup_UsingDesignPattern\AttendanceSystem\AttendanceSystem\Areas\Admin\Models\CreateCourseModel.cs:line 38
   at AttendanceSystem.Areas.Admin.Controllers.CourseController.Create(CreateCourseModel model) in G:\All C# File\Dev Skill All Course\Asp.NetCoreMvc-AllFile-B5\SourceCode\DevSkill_Project\FullProjectSetup_UsingDesignPattern\AttendanceSystem\AttendanceSystem\Areas\Admin\Controllers\CourseController.cs:line 58
2021-08-31 19:15:13.551 +06:00 [INF] Application Starting up
2021-08-31 19:15:14.988 +06:00 [ERR] Create course Faield
System.NotImplementedException: The method or operation is not implemented.
   at AttendanceDemo.Training.Services.CourseService.CreateCourse(Course course) in G:\All C# File\Dev Skill All Course\Asp.NetCoreMvc-AllFile-B5\SourceCode\DevSkill_Project\FullProjectSetup_UsingDesignPattern\AttendanceSystem\AttendanceDemo.Training\Services\CourseService.cs:line 96
   at AttendanceSystem.Areas.Admin.Models.CreateCourseModel.CreateCourse() in G:\All C# File\Dev Skill All Course\Asp.NetCoreMvc-AllFile-B5\SourceCode\DevSkill_Project\FullProjectSetup_UsingDesignPattern\AttendanceSystem\AttendanceSystem\Areas\Admin\Models\CreateCourseModel.cs:line 38
   at AttendanceSystem.Areas.Admin.Controllers.CourseController.Create(CreateCourseModel model) in G:\All C# File\Dev Skill All Course\Asp.NetCoreMvc-AllFile-B5\SourceCode\DevSkill_Project\FullProjectSetup_UsingDesignPattern\AttendanceSystem\AttendanceSystem\Areas\Admin\Controllers\CourseController.cs:line 58
2021-08-31 19:15:26.691 +06:00 [INF] Application Starting up
2021-08-31 19:15:28.103 +06:00 [ERR] Create course Faield
System.NotImplementedException: The method or operation is not implemented.
   at AttendanceDemo.Training.Services.CourseService.CreateCourse(Course course) in G:\All C# File\Dev Skill All Course\Asp.NetCoreMvc-AllFile-B5\SourceCode\DevSkill_Project\FullProjectSetup_UsingDesignPattern\AttendanceSystem\AttendanceDemo.Training\Services\CourseService.cs:line 96
   at AttendanceSystem.Areas.Admin.Models.CreateCourseModel.CreateCourse() in G:\All C# File\Dev Skill All Course\Asp.NetCoreMvc-AllFile-B5\SourceCode\DevSkill_Project\FullProjectSetup_UsingDesignPattern\AttendanceSystem\AttendanceSystem\Areas\Admin\Models\CreateCourseModel.cs:line 38
   at AttendanceSystem.Areas.Admin.Controllers.CourseController.Create(CreateCourseModel model) in G:\All C# File\Dev Skill All Course\Asp.NetCoreMvc-AllFile-B5\SourceCode\DevSkill_Project\FullProjectSetup_UsingDesignPattern\AttendanceSystem\AttendanceSystem\Areas\Admin\Controllers\CourseController.cs:line 58
2021-08-31 19:15:35.881 +06:00 [INF] Application Starting up
2021-08-31 19:15:37.190 +06:00 [ERR] Create course Faield
System.NotImplementedException: The method or operation is not implemented.
   at AttendanceDemo.Training.Services.CourseService.CreateCourse(Course course) in G:\All C# File\Dev Skill All Course\Asp.NetCoreMvc-AllFile-B5\SourceCode\DevSkill_Project\FullProjectSetup_UsingDesignPattern\AttendanceSystem\AttendanceDemo.Training\Services\CourseService.cs:line 96
   at AttendanceSystem.Areas.Admin.Models.CreateCourseModel.CreateCourse() in G:\All C# File\Dev Skill All Course\Asp.NetCoreMvc-AllFile-B5\SourceCode\DevSkill_Project\FullProjectSetup_UsingDesignPattern\AttendanceSystem\AttendanceSystem\Areas\Admin\Models\CreateCourseModel.cs:line 38
   at AttendanceSystem.Areas.Admin.Controllers.CourseController.Create(CreateCourseModel model) in G:\All C# File\Dev Skill All Course\Asp.NetCoreMvc-AllFile-B5\SourceCode\DevSkill_Project\FullProjectSetup_UsingDesignPattern\AttendanceSystem\AttendanceSystem\Areas\Admin\Controllers\CourseController.cs:line 58
2021-08-31 19:16:07.969 +06:00 [INF] Application Starting up
2021-08-31 19:16:09.387 +06:00 [ERR] Create course Faield
System.NotImplementedException: The method or operation is not implemented.
   at AttendanceDemo.Training.Services.CourseService.CreateCourse(Course course) in G:\All C# File\Dev Skill All Course\Asp.NetCoreMvc-AllFile-B5\SourceCode\DevSkill_Project\FullProjectSetup_UsingDesignPattern\AttendanceSystem\AttendanceDemo.Training\Services\CourseService.cs:line 96
   at AttendanceSystem.Areas.Admin.Models.CreateCourseModel.CreateCourse() in G:\All C# File\Dev Skill All Course\Asp.NetCoreMvc-AllFile-B5\SourceCode\DevSkill_Project\FullProjectSetup_UsingDesignPattern\AttendanceSystem\AttendanceSystem\Areas\Admin\Models\CreateCourseModel.cs:line 38
   at AttendanceSystem.Areas.Admin.Controllers.CourseController.Create(CreateCourseModel model) in G:\All C# File\Dev Skill All Course\Asp.NetCoreMvc-AllFile-B5\SourceCode\DevSkill_Project\FullProjectSetup_UsingDesignPattern\AttendanceSystem\AttendanceSystem\Areas\Admin\Controllers\CourseController.cs:line 58
2021-08-31 19:17:33.508 +06:00 [INF] Application Starting up
2021-08-31 19:17:34.833 +06:00 [ERR] Create course Faield
System.NotImplementedException: The method or operation is not implemented.
   at AttendanceDemo.Training.Services.CourseService.CreateCourse(Course course) in G:\All C# File\Dev Skill All Course\Asp.NetCoreMvc-AllFile-B5\SourceCode\DevSkill_Project\FullProjectSetup_UsingDesignPattern\AttendanceSystem\AttendanceDemo.Training\Services\CourseService.cs:line 96
   at AttendanceSystem.Areas.Admin.Models.CreateCourseModel.CreateCourse() in G:\All C# File\Dev Skill All Course\Asp.NetCoreMvc-AllFile-B5\SourceCode\DevSkill_Project\FullProjectSetup_UsingDesignPattern\AttendanceSystem\AttendanceSystem\Areas\Admin\Models\CreateCourseModel.cs:line 38
   at AttendanceSystem.Areas.Admin.Controllers.CourseController.Create(CreateCourseModel model) in G:\All C# File\Dev Skill All Course\Asp.NetCoreMvc-AllFile-B5\SourceCode\DevSkill_Project\FullProjectSetup_UsingDesignPattern\AttendanceSystem\AttendanceSystem\Areas\Admin\Controllers\CourseController.cs:line 58
2021-08-31 19:30:57.025 +06:00 [INF] Application Starting up
2021-08-31 19:30:58.380 +06:00 [ERR] Create course Faield
System.NotImplementedException: The method or operation is not implemented.
   at AttendanceDemo.Training.Services.CourseService.CreateCourse(Course course) in G:\All C# File\Dev Skill All Course\Asp.NetCoreMvc-AllFile-B5\SourceCode\DevSkill_Project\FullProjectSetup_UsingDesignPattern\AttendanceSystem\AttendanceDemo.Training\Services\CourseService.cs:line 96
   at AttendanceSystem.Areas.Admin.Models.CreateCourseModel.CreateCourse() in G:\All C# File\Dev Skill All Course\Asp.NetCoreMvc-AllFile-B5\SourceCode\DevSkill_Project\FullProjectSetup_UsingDesignPattern\AttendanceSystem\AttendanceSystem\Areas\Admin\Models\CreateCourseModel.cs:line 38
   at AttendanceSystem.Areas.Admin.Controllers.CourseController.Create(CreateCourseModel model) in G:\All C# File\Dev Skill All Course\Asp.NetCoreMvc-AllFile-B5\SourceCode\DevSkill_Project\FullProjectSetup_UsingDesignPattern\AttendanceSystem\AttendanceSystem\Areas\Admin\Controllers\CourseController.cs:line 58
2021-08-31 19:31:20.520 +06:00 [INF] Application Starting up
2021-08-31 19:31:21.815 +06:00 [ERR] Create course Faield
System.NotImplementedException: The method or operation is not implemented.
   at AttendanceDemo.Training.Services.CourseService.CreateCourse(Course course) in G:\All C# File\Dev Skill All Course\Asp.NetCoreMvc-AllFile-B5\SourceCode\DevSkill_Project\FullProjectSetup_UsingDesignPattern\AttendanceSystem\AttendanceDemo.Training\Services\CourseService.cs:line 96
   at AttendanceSystem.Areas.Admin.Models.CreateCourseModel.CreateCourse() in G:\All C# File\Dev Skill All Course\Asp.NetCoreMvc-AllFile-B5\SourceCode\DevSkill_Project\FullProjectSetup_UsingDesignPattern\AttendanceSystem\AttendanceSystem\Areas\Admin\Models\CreateCourseModel.cs:line 38
   at AttendanceSystem.Areas.Admin.Controllers.CourseController.Create(CreateCourseModel model) in G:\All C# File\Dev Skill All Course\Asp.NetCoreMvc-AllFile-B5\SourceCode\DevSkill_Project\FullProjectSetup_UsingDesignPattern\AttendanceSystem\AttendanceSystem\Areas\Admin\Controllers\CourseController.cs:line 58
2021-08-31 19:31:50.413 +06:00 [INF] Application Starting up
2021-08-31 19:31:51.727 +06:00 [ERR] Create course Faield
System.NotImplementedException: The method or operation is not implemented.
   at AttendanceDemo.Training.Services.CourseService.CreateCourse(Course course) in G:\All C# File\Dev Skill All Course\Asp.NetCoreMvc-AllFile-B5\SourceCode\DevSkill_Project\FullProjectSetup_UsingDesignPattern\AttendanceSystem\AttendanceDemo.Training\Services\CourseService.cs:line 96
   at AttendanceSystem.Areas.Admin.Models.CreateCourseModel.CreateCourse() in G:\All C# File\Dev Skill All Course\Asp.NetCoreMvc-AllFile-B5\SourceCode\DevSkill_Project\FullProjectSetup_UsingDesignPattern\AttendanceSystem\AttendanceSystem\Areas\Admin\Models\CreateCourseModel.cs:line 38
   at AttendanceSystem.Areas.Admin.Controllers.CourseController.Create(CreateCourseModel model) in G:\All C# File\Dev Skill All Course\Asp.NetCoreMvc-AllFile-B5\SourceCode\DevSkill_Project\FullProjectSetup_UsingDesignPattern\AttendanceSystem\AttendanceSystem\Areas\Admin\Controllers\CourseController.cs:line 58
2021-08-31 20:54:06.471 +06:00 [INF] Application Starting up
2021-08-31 21:05:33.910 +06:00 [ERR] Create course Faield
System.NotImplementedException: The method or operation is not implemented.
   at AttendanceDemo.Training.Services.CourseService.CreateCourse(Course course) in G:\All C# File\Dev Skill All Course\Asp.NetCoreMvc-AllFile-B5\SourceCode\DevSkill_Project\FullProjectSetup_UsingDesignPattern\AttendanceSystem\AttendanceDemo.Training\Services\CourseService.cs:line 96
   at AttendanceSystem.Areas.Admin.Models.CreateCourseModel.CreateCourse() in G:\All C# File\Dev Skill All Course\Asp.NetCoreMvc-AllFile-B5\SourceCode\DevSkill_Project\FullProjectSetup_UsingDesignPattern\AttendanceSystem\AttendanceSystem\Areas\Admin\Models\CreateCourseModel.cs:line 38
   at AttendanceSystem.Areas.Admin.Controllers.CourseController.Create(CreateCourseModel model) in G:\All C# File\Dev Skill All Course\Asp.NetCoreMvc-AllFile-B5\SourceCode\DevSkill_Project\FullProjectSetup_UsingDesignPattern\AttendanceSystem\AttendanceSystem\Areas\Admin\Controllers\CourseController.cs:line 58
2021-08-31 23:36:26.106 +06:00 [INF] Application Starting up
2021-08-31 23:36:47.530 +06:00 [ERR] Create course Faield
System.NotImplementedException: The method or operation is not implemented.
   at AttendanceDemo.Training.Services.CourseService.CreateCourse(Course course) in G:\All C# File\Dev Skill All Course\Asp.NetCoreMvc-AllFile-B5\SourceCode\DevSkill_Project\FullProjectSetup_UsingDesignPattern\AttendanceSystem\AttendanceDemo.Training\Services\CourseService.cs:line 102
   at AttendanceSystem.Areas.Admin.Models.CreateCourseModel.CreateCourse() in G:\All C# File\Dev Skill All Course\Asp.NetCoreMvc-AllFile-B5\SourceCode\DevSkill_Project\FullProjectSetup_UsingDesignPattern\AttendanceSystem\AttendanceSystem\Areas\Admin\Models\CreateCourseModel.cs:line 38
   at AttendanceSystem.Areas.Admin.Controllers.CourseController.Create(CreateCourseModel model) in G:\All C# File\Dev Skill All Course\Asp.NetCoreMvc-AllFile-B5\SourceCode\DevSkill_Project\FullProjectSetup_UsingDesignPattern\AttendanceSystem\AttendanceSystem\Areas\Admin\Controllers\CourseController.cs:line 58
2021-08-31 23:37:12.796 +06:00 [INF] Application Starting up
2021-08-31 23:38:13.222 +06:00 [ERR] Create course Faield
System.NotImplementedException: The method or operation is not implemented.
   at AttendanceDemo.Training.Services.CourseService.CreateCourse(Course course) in G:\All C# File\Dev Skill All Course\Asp.NetCoreMvc-AllFile-B5\SourceCode\DevSkill_Project\FullProjectSetup_UsingDesignPattern\AttendanceSystem\AttendanceDemo.Training\Services\CourseService.cs:line 102
   at AttendanceSystem.Areas.Admin.Models.CreateCourseModel.CreateCourse() in G:\All C# File\Dev Skill All Course\Asp.NetCoreMvc-AllFile-B5\SourceCode\DevSkill_Project\FullProjectSetup_UsingDesignPattern\AttendanceSystem\AttendanceSystem\Areas\Admin\Models\CreateCourseModel.cs:line 38
   at AttendanceSystem.Areas.Admin.Controllers.CourseController.Create(CreateCourseModel model) in G:\All C# File\Dev Skill All Course\Asp.NetCoreMvc-AllFile-B5\SourceCode\DevSkill_Project\FullProjectSetup_UsingDesignPattern\AttendanceSystem\AttendanceSystem\Areas\Admin\Controllers\CourseController.cs:line 58
2021-08-31 23:38:53.770 +06:00 [INF] Application Starting up
2021-08-31 23:39:26.224 +06:00 [ERR] Create course Faield
System.NotImplementedException: The method or operation is not implemented.
   at AttendanceDemo.Training.Services.CourseService.CreateCourse(Course course) in G:\All C# File\Dev Skill All Course\Asp.NetCoreMvc-AllFile-B5\SourceCode\DevSkill_Project\FullProjectSetup_UsingDesignPattern\AttendanceSystem\AttendanceDemo.Training\Services\CourseService.cs:line 102
   at AttendanceSystem.Areas.Admin.Models.CreateCourseModel.CreateCourse() in G:\All C# File\Dev Skill All Course\Asp.NetCoreMvc-AllFile-B5\SourceCode\DevSkill_Project\FullProjectSetup_UsingDesignPattern\AttendanceSystem\AttendanceSystem\Areas\Admin\Models\CreateCourseModel.cs:line 38
   at AttendanceSystem.Areas.Admin.Controllers.CourseController.Create(CreateCourseModel model) in G:\All C# File\Dev Skill All Course\Asp.NetCoreMvc-AllFile-B5\SourceCode\DevSkill_Project\FullProjectSetup_UsingDesignPattern\AttendanceSystem\AttendanceSystem\Areas\Admin\Controllers\CourseController.cs:line 58
2021-08-31 23:39:42.239 +06:00 [INF] Application Starting up
2021-08-31 23:40:49.157 +06:00 [ERR] Create course Faield
System.NotImplementedException: The method or operation is not implemented.
   at AttendanceDemo.Training.Services.CourseService.CreateCourse(Course course) in G:\All C# File\Dev Skill All Course\Asp.NetCoreMvc-AllFile-B5\SourceCode\DevSkill_Project\FullProjectSetup_UsingDesignPattern\AttendanceSystem\AttendanceDemo.Training\Services\CourseService.cs:line 102
   at AttendanceSystem.Areas.Admin.Models.CreateCourseModel.CreateCourse() in G:\All C# File\Dev Skill All Course\Asp.NetCoreMvc-AllFile-B5\SourceCode\DevSkill_Project\FullProjectSetup_UsingDesignPattern\AttendanceSystem\AttendanceSystem\Areas\Admin\Models\CreateCourseModel.cs:line 38
   at AttendanceSystem.Areas.Admin.Controllers.CourseController.Create(CreateCourseModel model) in G:\All C# File\Dev Skill All Course\Asp.NetCoreMvc-AllFile-B5\SourceCode\DevSkill_Project\FullProjectSetup_UsingDesignPattern\AttendanceSystem\AttendanceSystem\Areas\Admin\Controllers\CourseController.cs:line 58
2021-08-31 23:50:47.333 +06:00 [INF] Application Starting up
2021-08-31 23:59:19.875 +06:00 [INF] Application Starting up
