2021-07-26 20:32:52.468 +06:00 [INF] Application Starting up
2021-07-26 20:34:33.806 +06:00 [INF] Application Starting up
2021-07-26 20:38:43.162 +06:00 [INF] Application Starting up
2021-07-26 20:38:43.858 +06:00 [ERR] An unhandled exception has occurred while executing the request.
System.InvalidOperationException: The constraint reference 'Dashboard' could not be resolved to a type. Register the constraint type with 'Microsoft.AspNetCore.Routing.RouteOptions.ConstraintMap'.
   at Microsoft.AspNetCore.Routing.DefaultParameterPolicyFactory.Create(RoutePatternParameterPart parameter, String inlineText)
   at Microsoft.AspNetCore.Routing.ParameterPolicyFactory.Create(RoutePatternParameterPart parameter, RoutePatternParameterPolicyReference reference)
   at Microsoft.AspNetCore.Routing.Patterns.DefaultRoutePatternTransformer.MatchesConstraints(RoutePattern pattern, RoutePatternParameterPart parameter, String key, RouteValueDictionary requiredValues)
   at Microsoft.AspNetCore.Routing.Patterns.DefaultRoutePatternTransformer.SubstituteRequiredValuesCore(RoutePattern original, RouteValueDictionary requiredValues)
   at Microsoft.AspNetCore.Routing.Patterns.DefaultRoutePatternTransformer.SubstituteRequiredValues(RoutePattern original, Object requiredValues)
   at Microsoft.AspNetCore.Mvc.Routing.ActionEndpointFactory.AddEndpoints(List`1 endpoints, HashSet`1 routeNames, ActionDescriptor action, IReadOnlyList`1 routes, IReadOnlyList`1 conventions, Boolean createInertEndpoints)
   at Microsoft.AspNetCore.Mvc.Routing.ControllerActionEndpointDataSource.CreateEndpoints(IReadOnlyList`1 actions, IReadOnlyList`1 conventions)
   at Microsoft.AspNetCore.Mvc.Routing.ActionEndpointDataSourceBase.UpdateEndpoints()
   at Microsoft.AspNetCore.Mvc.Routing.ActionEndpointDataSourceBase.Initialize()
   at Microsoft.AspNetCore.Mvc.Routing.ActionEndpointDataSourceBase.get_Endpoints()
   at Microsoft.AspNetCore.Routing.CompositeEndpointDataSource.<>c.<Initialize>b__15_0(EndpointDataSource d)
   at System.Linq.Enumerable.SelectManySingleSelectorIterator`2.ToArray()
   at System.Linq.Enumerable.ToArray[TSource](IEnumerable`1 source)
   at Microsoft.AspNetCore.Routing.CompositeEndpointDataSource.Initialize()
   at Microsoft.AspNetCore.Routing.CompositeEndpointDataSource.GetChangeToken()
   at Microsoft.AspNetCore.Routing.DataSourceDependentCache`1.Initialize()
   at System.Threading.LazyInitializer.EnsureInitializedCore[T](T& target, Boolean& initialized, Object& syncLock, Func`1 valueFactory)
   at System.Threading.LazyInitializer.EnsureInitialized[T](T& target, Boolean& initialized, Object& syncLock, Func`1 valueFactory)
   at Microsoft.AspNetCore.Routing.Matching.DataSourceDependentMatcher..ctor(EndpointDataSource dataSource, Lifetime lifetime, Func`1 matcherBuilderFactory)
   at Microsoft.AspNetCore.Routing.Matching.DfaMatcherFactory.CreateMatcher(EndpointDataSource dataSource)
   at Microsoft.AspNetCore.Routing.EndpointRoutingMiddleware.InitializeCoreAsync()
--- End of stack trace from previous location ---
   at Microsoft.AspNetCore.Routing.EndpointRoutingMiddleware.<Invoke>g__AwaitMatcher|8_0(EndpointRoutingMiddleware middleware, HttpContext httpContext, Task`1 matcherTask)
   at Microsoft.AspNetCore.Diagnostics.EntityFrameworkCore.MigrationsEndPointMiddleware.Invoke(HttpContext context)
   at Microsoft.AspNetCore.Diagnostics.DeveloperExceptionPageMiddleware.Invoke(HttpContext context)
2021-07-26 20:39:33.846 +06:00 [INF] Application Starting up
2021-07-26 20:39:36.121 +06:00 [INF] Application Starting up
2021-07-26 20:40:27.296 +06:00 [INF] Application Starting up
2021-07-26 23:12:08.718 +06:00 [INF] Application Starting up
2021-07-26 23:19:50.882 +06:00 [INF] Application Starting up
2021-07-26 23:24:43.332 +06:00 [INF] Application Starting up
